18.08.2013 17:34:15: (/root/ngn/lib/core/LogWriter.class.php:28)
url: /, referer: 
<body><pre>'Class \'DigitaloceanApiCached\' not found'</pre></body>
<trace>/root/installer/lib/InstallCore.class.php:6
</trace>
=====+=====

18.08.2013 17:34:47: (/root/ngn/lib/core/LogWriter.class.php:28)
url: /, referer: 
<body><pre>'Class \'DigitaloceanApiCached\' not found'</pre></body>
<trace>/root/installer/lib/InstallCore.class.php:6
</trace>
=====+=====

18.08.2013 17:42:24: (/root/ngn/lib/core/LogWriter.class.php:28)
url: /, referer: 
<body><pre>'class_exists() expects parameter 1 to be string, object given'</pre></body>
<trace>/root/ngn/lib/core/ClassCore.class.php:185
/root/ngn/lib/core/ClassCore.class.php:185
/root/installer/lib/ObjectCacher.class.php:12
/root/installer/lib/DigitaloceanMy.class.php:9
/root/installer/lib/DigitaloceanMy.class.php:9
/root/installer/i.php:5
</trace>
=====+=====

18.08.2013 17:43:51: (/root/ngn/lib/core/LogWriter.class.php:28)
url: /, referer: 
<body><pre>'Method \'DigitaloceanApiCached::asd\' does not exists'</pre></body>
<trace>/root/ngn/lib/core/ClassCore.class.php:187
/root/installer/lib/ObjectCacher.class.php:12
/root/installer/lib/DigitaloceanMy.class.php:9
/root/installer/lib/DigitaloceanMy.class.php:9
/root/installer/i.php:5
</trace>
=====+=====

19.08.2013 21:00:43: (/root/ngn/lib/core/LogWriter.class.php:28)
url: /, referer: 
<body><pre>'syntax error, unexpected \'return\' (T_RETURN), expecting function (T_FUNCTION)'</pre></body>
<trace>/root/ngn/lib/core/ClassCore.class.php:83
</trace>
=====+=====

19.08.2013 21:03:21: (/root/ngn/lib/core/LogWriter.class.php:28)
url: /, referer: 
<body><pre>'"config/constants/database.php" not found'</pre></body>
<trace>/root/ngn/lib/core/Config.class.php:160
/root/ngn/lib/core/db/DbSite.class.php:25
/root/ngn/lib/core/O.class.php:56
/root/ngn/lib/core/misc.func.php:32
/root/ngn/lib/core/db/DbCond.class.php:3
/root/ngn/lib/core/Lib.class.php:29
/root/ngn/lib/core/ClassCore.class.php:73
/root/installer/i.php:19
/root/installer/i.php:24
</trace>
=====+=====

